<?xml version="1.0" encoding="UTF-8" ?>
<testsuites>
  <testsuite errors="0" failures="0" hostname="BPM-DLOBANOV" id="0" name="ResponseTest" package="com.wbem.checker.api.data" tests="2" time="0.138" timestamp="2012-12-09T10:15:21">
      <properties>
[...]
</properties>

      <testcase classname="com.wbem.checker.api.data.ResponseTest" name="testNominalCase" time="0.0080" />

      <testcase classname="com.wbem.checker.api.data.ResponseTest" name="testResponseConstans" time="0.0" />

      <system-out><![CDATA[]]></system-out>

      <system-err><![CDATA[]]></system-err>

  </testsuite>
  <testsuite errors="0" failures="0" hostname="BPM-DLOBANOV" id="1" name="CheckServerTest" package="com.wbem.checker.kernel" tests="2" time="0.189" timestamp="2012-12-09T10:15:22">
      <properties>
[...]
</properties>

      <testcase classname="com.wbem.checker.kernel.CheckServerTest" name="testStartCheckServerWithBedArgs" time="0.031" />

      <testcase classname="com.wbem.checker.kernel.CheckServerTest" name="testStartCheckServer" time="0.0080" />

      <system-out><![CDATA[Usage: java com.wbem.checker.CheckServer [--config|-c config_file.xml]
Usage: java com.wbem.checker.CheckServer [--config|-c config_file.xml]
Usage: java com.wbem.checker.CheckServer [--config|-c config_file.xml]
Usage: java com.wbem.checker.CheckServer [--config|-c config_file.xml]
Usage: java com.wbem.checker.CheckServer [--config|-c config_file.xml]
Usage: java com.wbem.checker.CheckServer [--config|-c config_file.xml]
Usage: java com.wbem.checker.CheckServer [--config|-c config_file.xml]
]]></system-out>

      <system-err><![CDATA[java.io.FileNotFoundException: file.xml (Не удается найти указанный файл)
	at java.io.FileInputStream.open(Native Method)
	at java.io.FileInputStream.<init>(FileInputStream.java:120)
	at com.wbem.checker.kernel.configure.XmlDomParser$ParserUtils.getBufferedInputStream(XmlDomParser.java:243)
	at com.wbem.checker.kernel.configure.XmlDomParser$ParserUtils.getBufferedFileUTF8Reader(XmlDomParser.java:233)
	at com.wbem.checker.kernel.configure.ConfigParser.parse(ConfigParser.java:31)
	at com.wbem.checker.kernel.CheckServer.processArgs(CheckServer.java:64)
	at com.wbem.checker.kernel.CheckServer.main(CheckServer.java:42)
	at com.wbem.checker.kernel.CheckServerTest.testStartCheckServerWithBedArgs(CheckServerTest.java:13)
	at sun.reflect.NativeMethodAccessorImpl.invoke0(Native Method)
	at sun.reflect.NativeMethodAccessorImpl.invoke(NativeMethodAccessorImpl.java:39)
	at sun.reflect.DelegatingMethodAccessorImpl.invoke(DelegatingMethodAccessorImpl.java:25)
	at java.lang.reflect.Method.invoke(Method.java:597)
	at junit.framework.TestCase.runTest(TestCase.java:154)
	at junit.framework.TestCase.runBare(TestCase.java:127)
	at junit.framework.TestResult$1.protect(TestResult.java:106)
	at junit.framework.TestResult.runProtected(TestResult.java:124)
	at junit.framework.TestResult.run(TestResult.java:109)
	at junit.framework.TestCase.run(TestCase.java:118)
	at junit.framework.TestSuite.runTest(TestSuite.java:208)
	at junit.framework.TestSuite.run(TestSuite.java:203)
	at org.apache.tools.ant.taskdefs.optional.junit.JUnitTestRunner.run(JUnitTestRunner.java:520)
	at org.apache.tools.ant.taskdefs.optional.junit.JUnitTestRunner.launch(JUnitTestRunner.java:1060)
	at org.apache.tools.ant.taskdefs.optional.junit.JUnitTestRunner.main(JUnitTestRunner.java:911)
java.io.FileNotFoundException: file.xml (Не удается найти указанный файл)
	at java.io.FileInputStream.open(Native Method)
	at java.io.FileInputStream.<init>(FileInputStream.java:120)
	at com.wbem.checker.kernel.configure.XmlDomParser$ParserUtils.getBufferedInputStream(XmlDomParser.java:243)
	at com.wbem.checker.kernel.configure.XmlDomParser$ParserUtils.getBufferedFileUTF8Reader(XmlDomParser.java:233)
	at com.wbem.checker.kernel.configure.ConfigParser.parse(ConfigParser.java:31)
	at com.wbem.checker.kernel.CheckServer.processArgs(CheckServer.java:64)
	at com.wbem.checker.kernel.CheckServer.main(CheckServer.java:42)
	at com.wbem.checker.kernel.CheckServerTest.testStartCheckServerWithBedArgs(CheckServerTest.java:15)
	at sun.reflect.NativeMethodAccessorImpl.invoke0(Native Method)
	at sun.reflect.NativeMethodAccessorImpl.invoke(NativeMethodAccessorImpl.java:39)
	at sun.reflect.DelegatingMethodAccessorImpl.invoke(DelegatingMethodAccessorImpl.java:25)
	at java.lang.reflect.Method.invoke(Method.java:597)
	at junit.framework.TestCase.runTest(TestCase.java:154)
	at junit.framework.TestCase.runBare(TestCase.java:127)
	at junit.framework.TestResult$1.protect(TestResult.java:106)
	at junit.framework.TestResult.runProtected(TestResult.java:124)
	at junit.framework.TestResult.run(TestResult.java:109)
	at junit.framework.TestCase.run(TestCase.java:118)
	at junit.framework.TestSuite.runTest(TestSuite.java:208)
	at junit.framework.TestSuite.run(TestSuite.java:203)
	at org.apache.tools.ant.taskdefs.optional.junit.JUnitTestRunner.run(JUnitTestRunner.java:520)
	at org.apache.tools.ant.taskdefs.optional.junit.JUnitTestRunner.launch(JUnitTestRunner.java:1060)
	at org.apache.tools.ant.taskdefs.optional.junit.JUnitTestRunner.main(JUnitTestRunner.java:911)
[Fatal Error] :-1:-1: Premature end of file.
File 'resources/empty.xml' can not be parsed
com.wbem.checker.kernel.configure.exceptions.XmlParsingException: org.xml.sax.SAXParseException: Premature end of file.
	at com.wbem.checker.kernel.configure.XmlDomParser.parse(XmlDomParser.java:70)
	at com.wbem.checker.kernel.configure.XmlDomParser.parse(XmlDomParser.java:53)
	at com.wbem.checker.kernel.configure.ConfigParser.parse(ConfigParser.java:36)
	at com.wbem.checker.kernel.configure.ConfigParser.parse(ConfigParser.java:31)
	at com.wbem.checker.kernel.CheckServer.processArgs(CheckServer.java:64)
	at com.wbem.checker.kernel.CheckServer.main(CheckServer.java:42)
	at com.wbem.checker.kernel.CheckServerTest.testStartCheckServerWithBedArgs(CheckServerTest.java:16)
	at sun.reflect.NativeMethodAccessorImpl.invoke0(Native Method)
	at sun.reflect.NativeMethodAccessorImpl.invoke(NativeMethodAccessorImpl.java:39)
	at sun.reflect.DelegatingMethodAccessorImpl.invoke(DelegatingMethodAccessorImpl.java:25)
	at java.lang.reflect.Method.invoke(Method.java:597)
	at junit.framework.TestCase.runTest(TestCase.java:154)
	at junit.framework.TestCase.runBare(TestCase.java:127)
	at junit.framework.TestResult$1.protect(TestResult.java:106)
	at junit.framework.TestResult.runProtected(TestResult.java:124)
	at junit.framework.TestResult.run(TestResult.java:109)
	at junit.framework.TestCase.run(TestCase.java:118)
	at junit.framework.TestSuite.runTest(TestSuite.java:208)
	at junit.framework.TestSuite.run(TestSuite.java:203)
	at org.apache.tools.ant.taskdefs.optional.junit.JUnitTestRunner.run(JUnitTestRunner.java:520)
	at org.apache.tools.ant.taskdefs.optional.junit.JUnitTestRunner.launch(JUnitTestRunner.java:1060)
	at org.apache.tools.ant.taskdefs.optional.junit.JUnitTestRunner.main(JUnitTestRunner.java:911)
Caused by: org.xml.sax.SAXParseException: Premature end of file.
	at org.apache.xerces.parsers.DOMParser.parse(Unknown Source)
	at com.wbem.checker.kernel.configure.XmlDomParser.parse(XmlDomParser.java:64)
	... 21 more
]]></system-err>

  </testsuite>
  <testsuite errors="0" failures="0" hostname="BPM-DLOBANOV" id="2" name="ConnectionPoolTest" package="com.wbem.checker.kernel" tests="2" time="2.172" timestamp="2012-12-09T10:15:23">
      <properties>
[...]
</properties>

      <testcase classname="com.wbem.checker.kernel.ConnectionPoolTest" name="testNominalCase" time="1.043" />

      <testcase classname="com.wbem.checker.kernel.ConnectionPoolTest" name="testRemoveConnection" time="1.002" />

      <system-out><![CDATA[]]></system-out>

      <system-err><![CDATA[]]></system-err>

  </testsuite>
  <testsuite errors="0" failures="0" hostname="BPM-DLOBANOV" id="3" name="HostNameCredentialsTest" package="com.wbem.checker.kernel" tests="1" time="0.134" timestamp="2012-12-09T10:15:26">
      <properties>
[...]
</properties>

      <testcase classname="com.wbem.checker.kernel.HostNameCredentialsTest" name="testEqualsAndHashCode" time="0.0070" />

      <system-out><![CDATA[]]></system-out>

      <system-err><![CDATA[]]></system-err>

  </testsuite>
  <testsuite errors="0" failures="0" hostname="BPM-DLOBANOV" id="4" name="QueryProcessTaskTest" package="com.wbem.checker.kernel" tests="3" time="3.457" timestamp="2012-12-09T10:15:26">
      <properties>
[...]
</properties>

      <testcase classname="com.wbem.checker.kernel.QueryProcessTaskTest" name="testNominalCase" time="1.076" />

      <testcase classname="com.wbem.checker.kernel.QueryProcessTaskTest" name="testErrorCase" time="2.252" />

      <testcase classname="com.wbem.checker.kernel.QueryProcessTaskTest" name="testIncorrectRequest" time="0.0010" />

      <system-out><![CDATA[]]></system-out>

      <system-err><![CDATA[]]></system-err>

  </testsuite>
  <testsuite errors="0" failures="0" hostname="BPM-DLOBANOV" id="5" name="RequestHolderTest" package="com.wbem.checker.kernel" tests="8" time="0.136" timestamp="2012-12-09T10:15:31">
      <properties>
[...]
</properties>

      <testcase classname="com.wbem.checker.kernel.RequestHolderTest" name="testUnknownRequestTypeException" time="0.0040" />

      <testcase classname="com.wbem.checker.kernel.RequestHolderTest" name="testGetRequestExecutor" time="0.0010" />

      <testcase classname="com.wbem.checker.kernel.RequestHolderTest" name="testUnableToLoadExecutor" time="0.0010" />

      <testcase classname="com.wbem.checker.kernel.RequestHolderTest" name="testUsernameIsNotFound" time="0.0020" />

      <testcase classname="com.wbem.checker.kernel.RequestHolderTest" name="testPasswordIsNotFound" time="0.0010" />

      <testcase classname="com.wbem.checker.kernel.RequestHolderTest" name="testHostIsNotFound" time="0.0" />

      <testcase classname="com.wbem.checker.kernel.RequestHolderTest" name="testIsnotAuthentificatedExecutor" time="0.0010" />

      <testcase classname="com.wbem.checker.kernel.RequestHolderTest" name="testRequiredParametersAreNotFound" time="0.0" />

      <system-out><![CDATA[]]></system-out>

      <system-err><![CDATA[]]></system-err>

  </testsuite>
  <testsuite errors="0" failures="0" hostname="BPM-DLOBANOV" id="6" name="WBEMConnectionImpTest" package="com.wbem.checker.kernel" tests="3" time="1.126" timestamp="2012-12-09T10:15:31">
      <properties>
[...]
</properties>

      <testcase classname="com.wbem.checker.kernel.WBEMConnectionImpTest" name="testFindSingleInstance" time="0.225" />

      <testcase classname="com.wbem.checker.kernel.WBEMConnectionImpTest" name="testIsInstanceExists" time="0.677" />

      <testcase classname="com.wbem.checker.kernel.WBEMConnectionImpTest" name="testGetAverageValues" time="0.102" />

      <system-out><![CDATA[]]></system-out>

      <system-err><![CDATA[]]></system-err>

  </testsuite>
  <testsuite errors="0" failures="0" hostname="BPM-DLOBANOV" id="7" name="ConfigParserTest" package="com.wbem.checker.kernel.configure" tests="16" time="0.178" timestamp="2012-12-09T10:15:34">
      <properties>
[...]
</properties>

      <testcase classname="com.wbem.checker.kernel.configure.ConfigParserTest" name="testNominalCase" time="0.03" />

      <testcase classname="com.wbem.checker.kernel.configure.ConfigParserTest" name="testDefaultPortConfiguration" time="0.0010" />

      <testcase classname="com.wbem.checker.kernel.configure.ConfigParserTest" name="testDefaultThreadPoolConfiguration" time="0.0010" />

      <testcase classname="com.wbem.checker.kernel.configure.ConfigParserTest" name="testTooSmallPortValue" time="0.0010" />

      <testcase classname="com.wbem.checker.kernel.configure.ConfigParserTest" name="testEmptyPortValue" time="0.0" />

      <testcase classname="com.wbem.checker.kernel.configure.ConfigParserTest" name="testTooBigPortValue" time="0.0" />

      <testcase classname="com.wbem.checker.kernel.configure.ConfigParserTest" name="testPoolConfigurationIsNotFound" time="0.0020" />

      <testcase classname="com.wbem.checker.kernel.configure.ConfigParserTest" name="testParseFile" time="0.0020" />

      <testcase classname="com.wbem.checker.kernel.configure.ConfigParserTest" name="testTimeAttributeIsNotFound" time="0.0020" />

      <testcase classname="com.wbem.checker.kernel.configure.ConfigParserTest" name="testTimeAttributeIsIncorrect" time="0.0020" />

      <testcase classname="com.wbem.checker.kernel.configure.ConfigParserTest" name="testTimeAttributeIsEmpty" time="0.0010" />

      <testcase classname="com.wbem.checker.kernel.configure.ConfigParserTest" name="testTimeAttributeIsDays" time="0.0020" />

      <testcase classname="com.wbem.checker.kernel.configure.ConfigParserTest" name="testTimeAttributeIsHours" time="0.0020" />

      <testcase classname="com.wbem.checker.kernel.configure.ConfigParserTest" name="testModulesTag" time="0.0020" />

      <testcase classname="com.wbem.checker.kernel.configure.ConfigParserTest" name="testModulesTagNonEmpty" time="0.0030" />

      <testcase classname="com.wbem.checker.kernel.configure.ConfigParserTest" name="testModuleCannotBeLoaded" time="0.0020" />

      <system-out><![CDATA[Modules are not detected in config
Check service configuration:
 * Port = 4126
 * Thread pool configuration:
    Core pool size = 10
    Max pool size = 10
    Keep alive time = 10 seconds
 * Modules: 

'Port' parameter is not found, default value will be used!
'Thread pool' parameter is not found, default value will be used!
Modules are not detected in config
Check service configuration:
 * Port = 1399
 * Thread pool configuration:
    Core pool size = 10
    Max pool size = 10
    Keep alive time = 10 seconds
 * Modules: 

'Port' parameter is not found, default value will be used!
'Core pool size' parameter is not found, default value will be used!
'Max pool size' parameter is not found, default value will be used!
'Keep alive time' parameter is not found, default value will be used!
Modules are not detected in config
Check service configuration:
 * Port = 1399
 * Thread pool configuration:
    Core pool size = 10
    Max pool size = 10
    Keep alive time = 10 seconds
 * Modules: 

Modules are not detected in config
Check service configuration:
 * Port = 6553
 * Thread pool configuration:
    Core pool size = 10
    Max pool size = 10
    Keep alive time = 10 seconds
 * Modules: 

Check service configuration:
 * Port = 4126
 * Thread pool configuration:
    Core pool size = 10
    Max pool size = 10
    Keep alive time = 10 minutes
 * Modules: 

Modules are not detected in config
Check service configuration:
 * Port = 4126
 * Thread pool configuration:
    Core pool size = 10
    Max pool size = 10
    Keep alive time = 10 days
 * Modules: 

Modules are not detected in config
Check service configuration:
 * Port = 4126
 * Thread pool configuration:
    Core pool size = 10
    Max pool size = 10
    Keep alive time = 10 hours
 * Modules: 

Check service configuration:
 * Port = 4126
 * Thread pool configuration:
    Core pool size = 10
    Max pool size = 10
    Keep alive time = 10 days
 * Modules: 

Check service configuration:
 * Port = 4126
 * Thread pool configuration:
    Core pool size = 10
    Max pool size = 10
    Keep alive time = 10 days
 * Modules: 
com.wbem.checker.api.DummyRequestExecutor

]]></system-out>

      <system-err><![CDATA[]]></system-err>

  </testsuite>
  <testsuite errors="0" failures="0" hostname="BPM-DLOBANOV" id="8" name="ModulesTest" package="com.wbem.checker.kernel.configure" tests="1" time="0.128" timestamp="2012-12-09T10:15:35">
      <properties>
[...]
</properties>

      <testcase classname="com.wbem.checker.kernel.configure.ModulesTest" name="testEqualsAndHashCode" time="0.0080" />

      <system-out><![CDATA[]]></system-out>

      <system-err><![CDATA[]]></system-err>

  </testsuite>
  <testsuite errors="0" failures="0" hostname="BPM-DLOBANOV" id="9" name="ServerConfigurationTest" package="com.wbem.checker.kernel.configure" tests="1" time="0.132" timestamp="2012-12-09T10:15:36">
      <properties>
[...]
</properties>

      <testcase classname="com.wbem.checker.kernel.configure.ServerConfigurationTest" name="testEqualsAndHashCode" time="0.011" />

      <system-out><![CDATA[]]></system-out>

      <system-err><![CDATA[]]></system-err>

  </testsuite>
  <testsuite errors="0" failures="0" hostname="BPM-DLOBANOV" id="10" name="ThreadPoolConfigurationTest" package="com.wbem.checker.kernel.configure" tests="1" time="0.129" timestamp="2012-12-09T10:15:37">
      <properties>
[...]
</properties>

      <testcase classname="com.wbem.checker.kernel.configure.ThreadPoolConfigurationTest" name="testEqualsAndHashCode" time="0.0090" />

      <system-out><![CDATA[]]></system-out>

      <system-err><![CDATA[]]></system-err>

  </testsuite>
  <testsuite errors="0" failures="0" hostname="BPM-DLOBANOV" id="11" name="XmlDomParserTest" package="com.wbem.checker.kernel.configure" tests="14" time="0.182" timestamp="2012-12-09T10:15:38">
      <properties>
[...]
</properties>

      <testcase classname="com.wbem.checker.kernel.configure.XmlDomParserTest" name="testFileNotFoundException" time="0.011" />

      <testcase classname="com.wbem.checker.kernel.configure.XmlDomParserTest" name="testFileIsNotInUTF8" time="0.021" />

      <testcase classname="com.wbem.checker.kernel.configure.XmlDomParserTest" name="testParseFile" time="0.0060" />

      <testcase classname="com.wbem.checker.kernel.configure.XmlDomParserTest" name="testEmptyDocument" time="0.0020" />

      <testcase classname="com.wbem.checker.kernel.configure.XmlDomParserTest" name="testBadRootTag" time="0.0" />

      <testcase classname="com.wbem.checker.kernel.configure.XmlDomParserTest" name="testBadSingleChild" time="0.0030" />

      <testcase classname="com.wbem.checker.kernel.configure.XmlDomParserTest" name="testGetMandatoryAttribute" time="0.0020" />

      <testcase classname="com.wbem.checker.kernel.configure.XmlDomParserTest" name="testGetOptionalAttribute" time="0.0" />

      <testcase classname="com.wbem.checker.kernel.configure.XmlDomParserTest" name="testGetOptionalIntAttribute" time="0.0" />

      <testcase classname="com.wbem.checker.kernel.configure.XmlDomParserTest" name="testGetOptionalBooleanAttribute" time="0.0010" />

      <testcase classname="com.wbem.checker.kernel.configure.XmlDomParserTest" name="testGetNodeValueAsObject" time="0.0" />

      <testcase classname="com.wbem.checker.kernel.configure.XmlDomParserTest" name="testGetNodeValueAsObjectWithChildren" time="0.0" />

      <testcase classname="com.wbem.checker.kernel.configure.XmlDomParserTest" name="testGetNodeValueAsObjectNonEmpty" time="0.0010" />

      <testcase classname="com.wbem.checker.kernel.configure.XmlDomParserTest" name="testParseUtils" time="0.0010" />

      <system-out><![CDATA[]]></system-out>

      <system-err><![CDATA[[Fatal Error] :1:1: Content is not allowed in prolog.
java.io.IOException
	at com.wbem.checker.kernel.configure.XmlDomParserTest$1.close(XmlDomParserTest.java:193)
	at com.wbem.checker.kernel.configure.XmlDomParser$ParserUtils.close(XmlDomParser.java:215)
	at com.wbem.checker.kernel.configure.XmlDomParserTest.testParseUtils(XmlDomParserTest.java:183)
	at sun.reflect.NativeMethodAccessorImpl.invoke0(Native Method)
	at sun.reflect.NativeMethodAccessorImpl.invoke(NativeMethodAccessorImpl.java:39)
	at sun.reflect.DelegatingMethodAccessorImpl.invoke(DelegatingMethodAccessorImpl.java:25)
	at java.lang.reflect.Method.invoke(Method.java:597)
	at junit.framework.TestCase.runTest(TestCase.java:154)
	at junit.framework.TestCase.runBare(TestCase.java:127)
	at junit.framework.TestResult$1.protect(TestResult.java:106)
	at junit.framework.TestResult.runProtected(TestResult.java:124)
	at junit.framework.TestResult.run(TestResult.java:109)
	at junit.framework.TestCase.run(TestCase.java:118)
	at junit.framework.TestSuite.runTest(TestSuite.java:208)
	at junit.framework.TestSuite.run(TestSuite.java:203)
	at org.apache.tools.ant.taskdefs.optional.junit.JUnitTestRunner.run(JUnitTestRunner.java:520)
	at org.apache.tools.ant.taskdefs.optional.junit.JUnitTestRunner.launch(JUnitTestRunner.java:1060)
	at org.apache.tools.ant.taskdefs.optional.junit.JUnitTestRunner.main(JUnitTestRunner.java:911)
]]></system-err>

  </testsuite>
  <testsuite errors="0" failures="0" hostname="BPM-DLOBANOV" id="12" name="ParameterImplTest" package="com.wbem.checker.kernel.impls" tests="1" time="0.142" timestamp="2012-12-09T10:15:39">
      <properties>
[...]
</properties>

      <testcase classname="com.wbem.checker.kernel.impls.ParameterImplTest" name="testParameterImpl" time="0.019" />

      <system-out><![CDATA[]]></system-out>

      <system-err><![CDATA[]]></system-err>

  </testsuite>
  <testsuite errors="0" failures="0" hostname="BPM-DLOBANOV" id="13" name="RequestImplTest" package="com.wbem.checker.kernel.impls" tests="1" time="0.142" timestamp="2012-12-09T10:15:39">
      <properties>
[...]
</properties>

      <testcase classname="com.wbem.checker.kernel.impls.RequestImplTest" name="testRequestImpl" time="0.021" />

      <system-out><![CDATA[]]></system-out>

      <system-err><![CDATA[]]></system-err>

  </testsuite>
  <testsuite errors="0" failures="0" hostname="BPM-DLOBANOV" id="14" name="ProxyUtilsTest" package="com.wbem.checker.kernel.protobuf.proxy" tests="2" time="0.147" timestamp="2012-12-09T10:15:40">
      <properties>
[...]
</properties>

      <testcase classname="com.wbem.checker.kernel.protobuf.proxy.ProxyUtilsTest" name="test" time="0.02" />

      <testcase classname="com.wbem.checker.kernel.protobuf.proxy.ProxyUtilsTest" name="testCreateCheckResponse" time="0.0030" />

      <system-out><![CDATA[]]></system-out>

      <system-err><![CDATA[]]></system-err>

  </testsuite>
  <testsuite errors="0" failures="0" hostname="BPM-DLOBANOV" id="15" name="CpuUsageRequestExecutorTest" package="com.wbem.checker.modules.executors" tests="8" time="0.128" timestamp="2012-12-09T10:15:41">
      <properties>
[...]
</properties>

      <testcase classname="com.wbem.checker.modules.executors.CpuUsageRequestExecutorTest" name="testRequestTypeAndAuth" time="0.0010" />

      <testcase classname="com.wbem.checker.modules.executors.CpuUsageRequestExecutorTest" name="testWarningCpuLoading" time="0.0040" />

      <testcase classname="com.wbem.checker.modules.executors.CpuUsageRequestExecutorTest" name="testCriticalCpuLoading" time="0.0010" />

      <testcase classname="com.wbem.checker.modules.executors.CpuUsageRequestExecutorTest" name="testOKCpuLoading" time="0.0020" />

      <testcase classname="com.wbem.checker.modules.executors.CpuUsageRequestExecutorTest" name="testNegativePercetageValues" time="0.0" />

      <testcase classname="com.wbem.checker.modules.executors.CpuUsageRequestExecutorTest" name="testPercetageValuesAreTooBig" time="0.0" />

      <testcase classname="com.wbem.checker.modules.executors.CpuUsageRequestExecutorTest" name="testWarningValueIsBiggerThanCritical" time="0.0" />

      <testcase classname="com.wbem.checker.modules.executors.CpuUsageRequestExecutorTest" name="testDoublePercetageValues" time="0.0" />

      <system-out><![CDATA[]]></system-out>

      <system-err><![CDATA[]]></system-err>

  </testsuite>
  <testsuite errors="0" failures="0" hostname="BPM-DLOBANOV" id="16" name="FSVolumeRequestExecutorTest" package="com.wbem.checker.modules.executors" tests="1" time="0.126" timestamp="2012-12-09T10:15:42">
      <properties>
[...]
</properties>

      <testcase classname="com.wbem.checker.modules.executors.FSVolumeRequestExecutorTest" name="testRequestTypeAndAuth" time="0.0010" />

      <system-out><![CDATA[]]></system-out>

      <system-err><![CDATA[]]></system-err>

  </testsuite>
  <testsuite errors="0" failures="0" hostname="BPM-DLOBANOV" id="17" name="MemoryUsageRequestExecutorTest" package="com.wbem.checker.modules.executors" tests="3" time="0.134" timestamp="2012-12-09T10:15:43">
      <properties>
[...]
</properties>

      <testcase classname="com.wbem.checker.modules.executors.MemoryUsageRequestExecutorTest" name="testRequestTypeAndAuth" time="0.0010" />

      <testcase classname="com.wbem.checker.modules.executors.MemoryUsageRequestExecutorTest" name="testNominalCase" time="0.014" />

      <testcase classname="com.wbem.checker.modules.executors.MemoryUsageRequestExecutorTest" name="testTotalValueIsZero" time="0.0010" />

      <system-out><![CDATA[]]></system-out>

      <system-err><![CDATA[]]></system-err>

  </testsuite>
  <testsuite errors="0" failures="0" hostname="BPM-DLOBANOV" id="18" name="PingRequestExecutorTest" package="com.wbem.checker.modules.executors" tests="4" time="13.393" timestamp="2012-12-09T10:15:43">
      <properties>
[...]
</properties>

      <testcase classname="com.wbem.checker.modules.executors.PingRequestExecutorTest" name="testRequestTypeAndAuth" time="0.0010" />

      <testcase classname="com.wbem.checker.modules.executors.PingRequestExecutorTest" name="testNominalCase" time="1.012" />

      <testcase classname="com.wbem.checker.modules.executors.PingRequestExecutorTest" name="testUnknownHost" time="2.253" />

      <testcase classname="com.wbem.checker.modules.executors.PingRequestExecutorTest" name="testIsNotReachable" time="10.003" />

      <system-out><![CDATA[]]></system-out>

      <system-err><![CDATA[]]></system-err>

  </testsuite>
  <testsuite errors="0" failures="0" hostname="BPM-DLOBANOV" id="19" name="ProcessAliveRequestExecutorTest" package="com.wbem.checker.modules.executors" tests="3" time="0.125" timestamp="2012-12-09T10:15:58">
      <properties>
[...]
</properties>

      <testcase classname="com.wbem.checker.modules.executors.ProcessAliveRequestExecutorTest" name="testRequestTypeAndAuth" time="0.0" />

      <testcase classname="com.wbem.checker.modules.executors.ProcessAliveRequestExecutorTest" name="testNominalCase" time="0.0020" />

      <testcase classname="com.wbem.checker.modules.executors.ProcessAliveRequestExecutorTest" name="testProcessIsNotAlive" time="0.0010" />

      <system-out><![CDATA[]]></system-out>

      <system-err><![CDATA[]]></system-err>

  </testsuite>
  <testsuite errors="0" failures="0" hostname="BPM-DLOBANOV" id="20" name="SwapUsageRequestExecutorTest" package="com.wbem.checker.modules.executors" tests="3" time="0.133" timestamp="2012-12-09T10:15:58">
      <properties>
[...]
</properties>

      <testcase classname="com.wbem.checker.modules.executors.SwapUsageRequestExecutorTest" name="testRequestTypeAndAuth" time="0.0010" />

      <testcase classname="com.wbem.checker.modules.executors.SwapUsageRequestExecutorTest" name="testNominalCase" time="0.013" />

      <testcase classname="com.wbem.checker.modules.executors.SwapUsageRequestExecutorTest" name="testTotalValueIsZero" time="0.0010" />

      <system-out><![CDATA[]]></system-out>

      <system-err><![CDATA[]]></system-err>

  </testsuite>
</testsuites>
