<html xmlns:lxslt="http://xml.apache.org/xslt" xmlns:stringutils="xalan://org.apache.tools.ant.util.StringUtils">
<head>
<META http-equiv="Content-Type" content="text/html; charset=UTF-8">
<title>Standard Error from CheckServerTest</title>
</head>
<body>
<pre>java.io.FileNotFoundException: file.xml (Не удается найти указанный файл)
	at java.io.FileInputStream.open(Native Method)
	at java.io.FileInputStream.&lt;init&gt;(FileInputStream.java:120)
	at com.wbem.checker.kernel.configure.XmlDomParser$ParserUtils.getBufferedInputStream(XmlDomParser.java:243)
	at com.wbem.checker.kernel.configure.XmlDomParser$ParserUtils.getBufferedFileUTF8Reader(XmlDomParser.java:233)
	at com.wbem.checker.kernel.configure.ConfigParser.parse(ConfigParser.java:31)
	at com.wbem.checker.kernel.CheckServer.processArgs(CheckServer.java:64)
	at com.wbem.checker.kernel.CheckServer.main(CheckServer.java:42)
	at com.wbem.checker.kernel.CheckServerTest.testStartCheckServerWithBedArgs(CheckServerTest.java:13)
	at sun.reflect.NativeMethodAccessorImpl.invoke0(Native Method)
	at sun.reflect.NativeMethodAccessorImpl.invoke(NativeMethodAccessorImpl.java:39)
	at sun.reflect.DelegatingMethodAccessorImpl.invoke(DelegatingMethodAccessorImpl.java:25)
	at java.lang.reflect.Method.invoke(Method.java:597)
	at junit.framework.TestCase.runTest(TestCase.java:154)
	at junit.framework.TestCase.runBare(TestCase.java:127)
	at junit.framework.TestResult$1.protect(TestResult.java:106)
	at junit.framework.TestResult.runProtected(TestResult.java:124)
	at junit.framework.TestResult.run(TestResult.java:109)
	at junit.framework.TestCase.run(TestCase.java:118)
	at junit.framework.TestSuite.runTest(TestSuite.java:208)
	at junit.framework.TestSuite.run(TestSuite.java:203)
	at org.apache.tools.ant.taskdefs.optional.junit.JUnitTestRunner.run(JUnitTestRunner.java:520)
	at org.apache.tools.ant.taskdefs.optional.junit.JUnitTestRunner.launch(JUnitTestRunner.java:1060)
	at org.apache.tools.ant.taskdefs.optional.junit.JUnitTestRunner.main(JUnitTestRunner.java:911)
java.io.FileNotFoundException: file.xml (Не удается найти указанный файл)
	at java.io.FileInputStream.open(Native Method)
	at java.io.FileInputStream.&lt;init&gt;(FileInputStream.java:120)
	at com.wbem.checker.kernel.configure.XmlDomParser$ParserUtils.getBufferedInputStream(XmlDomParser.java:243)
	at com.wbem.checker.kernel.configure.XmlDomParser$ParserUtils.getBufferedFileUTF8Reader(XmlDomParser.java:233)
	at com.wbem.checker.kernel.configure.ConfigParser.parse(ConfigParser.java:31)
	at com.wbem.checker.kernel.CheckServer.processArgs(CheckServer.java:64)
	at com.wbem.checker.kernel.CheckServer.main(CheckServer.java:42)
	at com.wbem.checker.kernel.CheckServerTest.testStartCheckServerWithBedArgs(CheckServerTest.java:15)
	at sun.reflect.NativeMethodAccessorImpl.invoke0(Native Method)
	at sun.reflect.NativeMethodAccessorImpl.invoke(NativeMethodAccessorImpl.java:39)
	at sun.reflect.DelegatingMethodAccessorImpl.invoke(DelegatingMethodAccessorImpl.java:25)
	at java.lang.reflect.Method.invoke(Method.java:597)
	at junit.framework.TestCase.runTest(TestCase.java:154)
	at junit.framework.TestCase.runBare(TestCase.java:127)
	at junit.framework.TestResult$1.protect(TestResult.java:106)
	at junit.framework.TestResult.runProtected(TestResult.java:124)
	at junit.framework.TestResult.run(TestResult.java:109)
	at junit.framework.TestCase.run(TestCase.java:118)
	at junit.framework.TestSuite.runTest(TestSuite.java:208)
	at junit.framework.TestSuite.run(TestSuite.java:203)
	at org.apache.tools.ant.taskdefs.optional.junit.JUnitTestRunner.run(JUnitTestRunner.java:520)
	at org.apache.tools.ant.taskdefs.optional.junit.JUnitTestRunner.launch(JUnitTestRunner.java:1060)
	at org.apache.tools.ant.taskdefs.optional.junit.JUnitTestRunner.main(JUnitTestRunner.java:911)
[Fatal Error] :-1:-1: Premature end of file.
File 'resources/empty.xml' can not be parsed
com.wbem.checker.kernel.configure.exceptions.XmlParsingException: org.xml.sax.SAXParseException: Premature end of file.
	at com.wbem.checker.kernel.configure.XmlDomParser.parse(XmlDomParser.java:70)
	at com.wbem.checker.kernel.configure.XmlDomParser.parse(XmlDomParser.java:53)
	at com.wbem.checker.kernel.configure.ConfigParser.parse(ConfigParser.java:36)
	at com.wbem.checker.kernel.configure.ConfigParser.parse(ConfigParser.java:31)
	at com.wbem.checker.kernel.CheckServer.processArgs(CheckServer.java:64)
	at com.wbem.checker.kernel.CheckServer.main(CheckServer.java:42)
	at com.wbem.checker.kernel.CheckServerTest.testStartCheckServerWithBedArgs(CheckServerTest.java:16)
	at sun.reflect.NativeMethodAccessorImpl.invoke0(Native Method)
	at sun.reflect.NativeMethodAccessorImpl.invoke(NativeMethodAccessorImpl.java:39)
	at sun.reflect.DelegatingMethodAccessorImpl.invoke(DelegatingMethodAccessorImpl.java:25)
	at java.lang.reflect.Method.invoke(Method.java:597)
	at junit.framework.TestCase.runTest(TestCase.java:154)
	at junit.framework.TestCase.runBare(TestCase.java:127)
	at junit.framework.TestResult$1.protect(TestResult.java:106)
	at junit.framework.TestResult.runProtected(TestResult.java:124)
	at junit.framework.TestResult.run(TestResult.java:109)
	at junit.framework.TestCase.run(TestCase.java:118)
	at junit.framework.TestSuite.runTest(TestSuite.java:208)
	at junit.framework.TestSuite.run(TestSuite.java:203)
	at org.apache.tools.ant.taskdefs.optional.junit.JUnitTestRunner.run(JUnitTestRunner.java:520)
	at org.apache.tools.ant.taskdefs.optional.junit.JUnitTestRunner.launch(JUnitTestRunner.java:1060)
	at org.apache.tools.ant.taskdefs.optional.junit.JUnitTestRunner.main(JUnitTestRunner.java:911)
Caused by: org.xml.sax.SAXParseException: Premature end of file.
	at org.apache.xerces.parsers.DOMParser.parse(Unknown Source)
	at com.wbem.checker.kernel.configure.XmlDomParser.parse(XmlDomParser.java:64)
	... 21 more
</pre>
</body>
</html>
