<?xml version="1.0" encoding="UTF-8" ?>
<testsuite errors="0" failures="0" hostname="BPM-DLOBANOV" name="com.wbem.checker.kernel.protobuf.proxy.ProxyUtilsTest" tests="2" time="0.147" timestamp="2012-12-09T10:15:40">
  <properties>
[...]
</properties>
  <testcase classname="com.wbem.checker.kernel.protobuf.proxy.ProxyUtilsTest" name="test" time="0.02" />
  <testcase classname="com.wbem.checker.kernel.protobuf.proxy.ProxyUtilsTest" name="testCreateCheckResponse" time="0.0030" />
  <system-out><![CDATA[]]></system-out>
  <system-err><![CDATA[]]></system-err>
</testsuite>
